Flow report for ProcessadorSR
Fri Jun 17 13:52:15 2022
Quartus II Version 9.1 Build 350 03/24/2010 Service Pack 2 SJ Web Edition


---------------------
; Table of Contents ;
---------------------
  1. Legal Notice
  2. Flow Summary
  3. Flow Settings
  4. Flow Non-Default Global Settings
  5. Flow Elapsed Time
  6. Flow OS Summary
  7. Flow Log



----------------
; Legal Notice ;
----------------
Copyright (C) 1991-2010 Altera Corporation
Your use of Altera Corporation's design tools, logic functions 
and other software and tools, and its AMPP partner logic 
functions, and any output files from any of the foregoing 
(including device programming or simulation files), and any 
associated documentation or information are expressly subject 
to the terms and conditions of the Altera Program License 
Subscription Agreement, Altera MegaCore Function License 
Agreement, or other applicable license agreement, including, 
without limitation, that your use is for the sole purpose of 
programming logic devices manufactured by Altera and sold by 
Altera or its authorized distributors.  Please refer to the 
applicable agreement for further details.



+-----------------------------------------------------------------------------------+
; Flow Summary                                                                      ;
+------------------------------------+----------------------------------------------+
; Flow Status                        ; Successful - Fri Jun 17 13:52:15 2022        ;
; Quartus II Version                 ; 9.1 Build 350 03/24/2010 SP 2 SJ Web Edition ;
; Revision Name                      ; ProcessadorSR                                ;
; Top-level Entity Name              ; ProcessadorSR                                ;
; Family                             ; Cyclone II                                   ;
; Device                             ; EP2C35F672C6                                 ;
; Timing Models                      ; Final                                        ;
; Met timing requirements            ; Yes                                          ;
; Total logic elements               ; 3,243 / 33,216 ( 10 % )                      ;
;     Total combinational functions  ; 2,251 / 33,216 ( 7 % )                       ;
;     Dedicated logic registers      ; 2,222 / 33,216 ( 7 % )                       ;
; Total registers                    ; 2222                                         ;
; Total pins                         ; 63 / 475 ( 13 % )                            ;
; Total virtual pins                 ; 0                                            ;
; Total memory bits                  ; 57,344 / 483,840 ( 12 % )                    ;
; Embedded Multiplier 9-bit elements ; 0 / 70 ( 0 % )                               ;
; Total PLLs                         ; 0 / 4 ( 0 % )                                ;
+------------------------------------+----------------------------------------------+


+-----------------------------------------+
; Flow Settings                           ;
+-------------------+---------------------+
; Option            ; Setting             ;
+-------------------+---------------------+
; Start date & time ; 06/17/2022 13:51:04 ;
; Main task         ; Compilation         ;
; Revision Name     ; ProcessadorSR       ;
+-------------------+---------------------+


+--------------------------------------------------------------------------------------------------------------------+
; Flow Non-Default Global Settings                                                                                   ;
+------------------------------------+--------------------------------+---------------+-------------+----------------+
; Assignment Name                    ; Value                          ; Default Value ; Entity Name ; Section Id     ;
+------------------------------------+--------------------------------+---------------+-------------+----------------+
; COMPILER_SIGNATURE_ID              ; 27214208486243.165548466320244 ; --            ; --          ; --             ;
; IP_TOOL_NAME                       ; ROM: 1-PORT                    ; --            ; --          ; --             ;
; IP_TOOL_VERSION                    ; 9.1                            ; --            ; --          ; --             ;
; MAX_CORE_JUNCTION_TEMP             ; 85                             ; --            ; --          ; --             ;
; MIN_CORE_JUNCTION_TEMP             ; 0                              ; --            ; --          ; --             ;
; MISC_FILE                          ; rom_4096_14.bsf                ; --            ; --          ; --             ;
; MISC_FILE                          ; rom_4096_14_inst.vhd           ; --            ; --          ; --             ;
; MISC_FILE                          ; rom_4096_14.inc                ; --            ; --          ; --             ;
; MISC_FILE                          ; rom_4096_14.cmp                ; --            ; --          ; --             ;
; PARTITION_COLOR                    ; 16764057                       ; --            ; --          ; Top            ;
; PARTITION_NETLIST_TYPE             ; SOURCE                         ; --            ; --          ; Top            ;
; SEARCH_PATH                        ; constants                      ; --            ; --          ; --             ;
; USE_GENERATED_PHYSICAL_CONSTRAINTS ; Off                            ; --            ; --          ; eda_blast_fpga ;
+------------------------------------+--------------------------------+---------------+-------------+----------------+


+-----------------------------------------------------------------------------------------------------------------------------+
; Flow Elapsed Time                                                                                                           ;
+-------------------------+--------------+-------------------------+---------------------+------------------------------------+
; Module Name             ; Elapsed Time ; Average Processors Used ; Peak Virtual Memory ; Total CPU Time (on all processors) ;
+-------------------------+--------------+-------------------------+---------------------+------------------------------------+
; Analysis & Synthesis    ; 00:00:28     ; 1.0                     ; 260 MB              ; 00:00:27                           ;
; Fitter                  ; 00:00:24     ; 1.0                     ; 293 MB              ; 00:00:25                           ;
; Assembler               ; 00:00:02     ; 1.0                     ; 262 MB              ; 00:00:02                           ;
; Classic Timing Analyzer ; 00:00:12     ; 1.0                     ; 233 MB              ; 00:00:11                           ;
; Total                   ; 00:01:06     ; --                      ; --                  ; 00:01:05                           ;
+-------------------------+--------------+-------------------------+---------------------+------------------------------------+


+------------------------------------------------------------------------------------------+
; Flow OS Summary                                                                          ;
+-------------------------+------------------+---------------+------------+----------------+
; Module Name             ; Machine Hostname ; OS Name       ; OS Version ; Processor type ;
+-------------------------+------------------+---------------+------------+----------------+
; Analysis & Synthesis    ; Yamato           ; Windows Vista ; 6.2        ; x86_64         ;
; Fitter                  ; Yamato           ; Windows Vista ; 6.2        ; x86_64         ;
; Assembler               ; Yamato           ; Windows Vista ; 6.2        ; x86_64         ;
; Classic Timing Analyzer ; Yamato           ; Windows Vista ; 6.2        ; x86_64         ;
+-------------------------+------------------+---------------+------------+----------------+


------------
; Flow Log ;
------------
quartus_map --read_settings_files=on --write_settings_files=off ProcessadorSR -c ProcessadorSR
quartus_fit --read_settings_files=off --write_settings_files=off ProcessadorSR -c ProcessadorSR
quartus_asm --read_settings_files=off --write_settings_files=off ProcessadorSR -c ProcessadorSR
quartus_tan --read_settings_files=off --write_settings_files=off ProcessadorSR -c ProcessadorSR --timing_analysis_only



